1636679382645	geckodriver	INFO	Listening on 127.0.0.1:57124
1637323294291	geckodriver	INFO	Listening on 127.0.0.1:60755
1637323297273	mozrunner::runner	INFO	Running command: "C:\\Program Files\\Mozilla Firefox\\firefox.exe" "--marionette" "--remote-debugging-port" "60756" "-no-remote" "-profile" "C:\\Users\\Acer\\AppData\\Local\\Temp\\rust_mozprofile5aSC8l"
1637323297883	Marionette	INFO	Marionette enabled
console.warn: SearchSettings: "get: No settings file exists, new profile?" (new NotFoundError("Could not open the file at C:\\Users\\Acer\\AppData\\Local\\Temp\\rust_mozprofile5aSC8l\\search.json.mozlz4", (void 0)))
DevTools listening on ws://localhost:60756/devtools/browser/f7ee5ec1-5c21-4f8c-a517-81fc60bd8be7
1637323301382	Marionette	INFO	Listening on port 60762
1637323301526	RemoteAgent	WARN	TLS certificate errors will be ignored for this session
1637323304911	Marionette	WARN	Ignoring event 'pageshow' because document has an invalid readyState of 'uninitialized'.
1637323536491	Marionette	INFO	Stopped listening on port 60762

###!!! [Child][RunMessage] Error: Channel closing: too late to send/recv, messages will be lost


###!!! [Child][RunMessage] Error: Channel closing: too late to send/recv, messages will be lost

[Parent 8624, IPC I/O Parent] WARNING: file /builds/worker/checkouts/gecko/ipc/chromium/src/base/process_util_win.cc:167

###!!! [Child][RunMessage] Error: Channel closing: too late to send/recv, messages will be lost

1637325090522	geckodriver	INFO	Listening on 127.0.0.1:55740
1637325093565	mozrunner::runner	INFO	Running command: "C:\\Program Files\\Mozilla Firefox\\firefox.exe" "--marionette" "--remote-debugging-port" "55741" "-no-remote" "-profile" "C:\\Users\\Acer\\AppData\\Local\\Temp\\rust_mozprofile1aU5cd"
1637325094273	Marionette	INFO	Marionette enabled
console.warn: SearchSettings: "get: No settings file exists, new profile?" (new NotFoundError("Could not open the file at C:\\Users\\Acer\\AppData\\Local\\Temp\\rust_mozprofile1aU5cd\\search.json.mozlz4", (void 0)))
DevTools listening on ws://localhost:55741/devtools/browser/df5f1058-effc-4f4c-9682-01f0870fd69b
1637325097489	Marionette	INFO	Listening on port 55746
1637325097835	RemoteAgent	WARN	TLS certificate errors will be ignored for this session
1637325101107	Marionette	WARN	Ignoring event 'pageshow' because document has an invalid readyState of 'uninitialized'.
1637325145501	Marionette	WARN	Ignoring event 'DOMContentLoaded' because document has an invalid readyState of 'complete'.
1637325247763	Marionette	INFO	Stopped listening on port 55746

###!!! [Child][RunMessage] Error: Channel closing: too late to send/recv, messages will be lost


###!!! [Parent][MessageChannel] Error: (msgtype=0x39007A,name=PContent::Msg_DestroyBrowsingContextGroup) Closed channel: cannot send/recv


###!!! [Child][RunMessage] Error: Channel closing: too late to send/recv, messages will be lost


###!!! [Child][RunMessage] Error: Channel closing: too late to send/recv, messages will be lost

1637325375352	geckodriver	INFO	Listening on 127.0.0.1:55841
1637325378422	mozrunner::runner	INFO	Running command: "C:\\Program Files\\Mozilla Firefox\\firefox.exe" "--marionette" "--remote-debugging-port" "55842" "-no-remote" "-profile" "C:\\Users\\Acer\\AppData\\Local\\Temp\\rust_mozprofileRgf7Vn"
1637325379096	Marionette	INFO	Marionette enabled
console.warn: SearchSettings: "get: No settings file exists, new profile?" (new NotFoundError("Could not open the file at C:\\Users\\Acer\\AppData\\Local\\Temp\\rust_mozprofileRgf7Vn\\search.json.mozlz4", (void 0)))
DevTools listening on ws://localhost:55842/devtools/browser/9e9a1069-6bbe-4ef2-8199-4e079502be1d
1637325383100	Marionette	INFO	Listening on port 55847
1637325383296	RemoteAgent	WARN	TLS certificate errors will be ignored for this session
1637325386935	Marionette	WARN	Ignoring event 'pageshow' because document has an invalid readyState of 'uninitialized'.
JavaScript error: , line 0: NetworkError: A network error occurred.
JavaScript error: , line 0: NetworkError: A network error occurred.
1637325974447	geckodriver	INFO	Listening on 127.0.0.1:50418
1637325977529	mozrunner::runner	INFO	Running command: "C:\\Program Files\\Mozilla Firefox\\firefox.exe" "--marionette" "--remote-debugging-port" "50419" "-no-remote" "-profile" "C:\\Users\\Acer\\AppData\\Local\\Temp\\rust_mozprofileCf7sqQ"
1637325978022	Marionette	INFO	Marionette enabled
console.warn: SearchSettings: "get: No settings file exists, new profile?" (new NotFoundError("Could not open the file at C:\\Users\\Acer\\AppData\\Local\\Temp\\rust_mozprofileCf7sqQ\\search.json.mozlz4", (void 0)))
DevTools listening on ws://localhost:50419/devtools/browser/716c0057-e66f-449a-ba30-14c93b667dae
1637325981059	Marionette	INFO	Listening on port 50426
1637325981265	RemoteAgent	WARN	TLS certificate errors will be ignored for this session
1637325984010	Marionette	WARN	Ignoring event 'pageshow' because document has an invalid readyState of 'uninitialized'.
1637326188876	Marionette	INFO	Stopped listening on port 50426

###!!! [Parent][MessageChannel] Error: (msgtype=0x39007A,name=PContent::Msg_DestroyBrowsingContextGroup) Closed channel: cannot send/recv


###!!! [Child][RunMessage] Error: Channel closing: too late to send/recv, messages will be lost


###!!! [Child][MessageChannel] Error: (msgtype=0x680023,name=PNecko::Msg_RemoveRequestContext) Channel closing: too late to send/recv, messages will be lost

1637326998576	geckodriver	INFO	Listening on 127.0.0.1:50651
1637327001612	mozrunner::runner	INFO	Running command: "C:\\Program Files\\Mozilla Firefox\\firefox.exe" "--marionette" "--remote-debugging-port" "50652" "-no-remote" "-profile" "C:\\Users\\Acer\\AppData\\Local\\Temp\\rust_mozprofileQVzgoy"
1637327002297	Marionette	INFO	Marionette enabled
console.warn: SearchSettings: "get: No settings file exists, new profile?" (new NotFoundError("Could not open the file at C:\\Users\\Acer\\AppData\\Local\\Temp\\rust_mozprofileQVzgoy\\search.json.mozlz4", (void 0)))
DevTools listening on ws://localhost:50652/devtools/browser/090f8911-9a77-4aae-be12-40f343d365b1
1637327005753	Marionette	INFO	Listening on port 50658
1637327005868	RemoteAgent	WARN	TLS certificate errors will be ignored for this session
1637327007903	Marionette	WARN	Ignoring event 'pageshow' because document has an invalid readyState of 'uninitialized'.
console.log: WebExtensions: reset-default-search: starting.
console.log: WebExtensions: reset-default-search: No addons in our list are installed.
1637327565984	Marionette	INFO	Stopped listening on port 50658
[Parent 11828, IPC I/O Parent] WARNING: file /builds/worker/checkouts/gecko/ipc/chromium/src/base/process_util_win.cc:167

###!!! [Child][RunMessage] Error: Channel closing: too late to send/recv, messages will be lost


###!!! [Child][RunMessage] Error: Channel closing: too late to send/recv, messages will be lost

1637385480307	geckodriver	INFO	Listening on 127.0.0.1:50938
1637385483431	mozrunner::runner	INFO	Running command: "C:\\Program Files\\Mozilla Firefox\\firefox.exe" "--marionette" "--remote-debugging-port" "50939" "-no-remote" "-profile" "C:\\Users\\Acer\\AppData\\Local\\Temp\\rust_mozprofile1ZBcLb"
1637385484310	Marionette	INFO	Marionette enabled
console.warn: SearchSettings: "get: No settings file exists, new profile?" (new NotFoundError("Could not open the file at C:\\Users\\Acer\\AppData\\Local\\Temp\\rust_mozprofile1ZBcLb\\search.json.mozlz4", (void 0)))
DevTools listening on ws://localhost:50939/devtools/browser/bd0c4517-4439-4950-97a8-6455b61dd4f2
1637385487644	Marionette	INFO	Listening on port 50945
1637385487713	RemoteAgent	WARN	TLS certificate errors will be ignored for this session
1637385490807	Marionette	WARN	Ignoring event 'pageshow' because document has an invalid readyState of 'uninitialized'.
1637385508355	Marionette	INFO	Stopped listening on port 50945
JavaScript error: chrome://remote/content/marionette/cert.js, line 55: NS_ERROR_NOT_AVAILABLE: Component returned failure code: 0x80040111 (NS_ERROR_NOT_AVAILABLE) [nsICertOverrideService.setDisableAllSecurityChecksAndLetAttackersInterceptMyData]
JavaScript error: chrome://remote/content/marionette/driver.js, line 2103: NS_ERROR_ILLEGAL_VALUE: Component returned failure code: 0x80070057 (NS_ERROR_ILLEGAL_VALUE) [nsIObserverService.removeObserver]

###!!! [Parent][MessageChannel] Error: (msgtype=0x39007A,name=PContent::Msg_DestroyBrowsingContextGroup) Closed channel: cannot send/recv


###!!! [Child][RunMessage] Error: Channel closing: too late to send/recv, messages will be lost


###!!! [Child][MessageChannel] Error: (msgtype=0x230030,name=PBrowser::Msg___delete__) Channel closing: too late to send/recv, messages will be lost

1637385720662	geckodriver	INFO	Listening on 127.0.0.1:51162
1637385723744	mozrunner::runner	INFO	Running command: "C:\\Program Files\\Mozilla Firefox\\firefox.exe" "--marionette" "--remote-debugging-port" "51163" "-no-remote" "-profile" "C:\\Users\\Acer\\AppData\\Local\\Temp\\rust_mozprofileEB8yU2"
1637385724231	Marionette	INFO	Marionette enabled
console.warn: SearchSettings: "get: No settings file exists, new profile?" (new NotFoundError("Could not open the file at C:\\Users\\Acer\\AppData\\Local\\Temp\\rust_mozprofileEB8yU2\\search.json.mozlz4", (void 0)))
DevTools listening on ws://localhost:51163/devtools/browser/5624ceae-0fb6-410b-8702-1c46e9fe9276
1637385727530	Marionette	INFO	Listening on port 51168
1637385727997	RemoteAgent	WARN	TLS certificate errors will be ignored for this session
1637385729704	Marionette	WARN	Ignoring event 'pageshow' because document has an invalid readyState of 'uninitialized'.
1637385989050	Marionette	INFO	Stopped listening on port 51168

###!!! [Parent][MessageChannel] Error: (msgtype=0x39007A,name=PContent::Msg_DestroyBrowsingContextGroup) Closed channel: cannot send/recv

